
Showing logs for build [32mcb-kubecd-environment-pr-165-15-n628z-1[0m stage [32mfrom-build-pack[0m and container [32mstep-credential-initializer-jc7v2[0m
{"level":"warn","ts":1582606868.340046,"logger":"fallback-logger","caller":"logging/config.go:69","msg":"Fetch GitHub commit ID from kodata failed: \"ref: refs/heads/0.8.0-**-support-backwards-incompats\" is not a valid GitHub commit ID"}
{"level":"info","ts":1582606868.3407936,"logger":"fallback-logger","caller":"creds-init/main.go:40","msg":"Credentials initialized."}

Showing logs for build [32mcb-kubecd-environment-pr-165-15-n628z-1[0m stage [32mfrom-build-pack[0m and container [32mstep-working-dir-initializer-7bh5w[0m
{"level":"warn","ts":1582606869.306588,"logger":"fallback-logger","caller":"logging/config.go:69","msg":"Fetch GitHub commit ID from kodata failed: open /var/run/ko/HEAD: no such file or directory"}
{"level":"info","ts":1582606869.3078623,"logger":"fallback-logger","caller":"bash/main.go:64","msg":"Successfully executed command \"sh -c mkdir -p /workspace/source\"; output "}

Showing logs for build [32mcb-kubecd-environment-pr-165-15-n628z-1[0m stage [32mfrom-build-pack[0m and container [32mstep-place-tools[0m

Showing logs for build [32mcb-kubecd-environment-pr-165-15-n628z-1[0m stage [32mfrom-build-pack[0m and container [32mstep-git-source-cb-kubecd-environment-pr-165-15-n628z-sds6j[0m
{"level":"warn","ts":1582606938.3574362,"logger":"fallback-logger","caller":"logging/config.go:69","msg":"Fetch GitHub commit ID from kodata failed: \"ref: refs/heads/0.8.0-**-support-backwards-incompats\" is not a valid GitHub commit ID"}
{"level":"info","ts":1582606940.2191632,"logger":"fallback-logger","caller":"git/git.go:103","msg":"Successfully cloned https://github.com/cb-kubecd/environment-pr-165-151-boot-vault-gke-staging.git @ master in path /workspace/source"}

Showing logs for build [32mcb-kubecd-environment-pr-165-15-n628z-1[0m stage [32mfrom-build-pack[0m and container [32mstep-git-merge[0m
Using SHAs from PULL_REFS=master:48e56ac0c7b5815a36a990fd8587f681343ddaad,2:a3c324a3e59c128e393f944d868cb28075cba426
DEBUG: LC_ALL=C JX_LOG_LEVEL=error git fetch origin --unshallow a3c324a3e59c128e393f944d868cb28075cba426: 48e56ac0c7b5815a36a990fd8587f681343ddaad:
DEBUG: ran git fetch --unshallow origin a3c324a3e59c128e393f944d868cb28075cba426: 48e56ac0c7b5815a36a990fd8587f681343ddaad: in 
DEBUG: LC_ALL=C JX_LOG_LEVEL=error git branch
DEBUG: LC_ALL=C JX_LOG_LEVEL=error git checkout master
DEBUG: ran git checkout master in 
DEBUG: LC_ALL=C JX_LOG_LEVEL=error git reset --hard 48e56ac0c7b5815a36a990fd8587f681343ddaad
DEBUG: ran git reset --hard 48e56ac0c7b5815a36a990fd8587f681343ddaad in 
DEBUG: LC_ALL=C JX_LOG_LEVEL=error git clean -fd .
DEBUG: ran clean --force -d . in 
DEBUG: LC_ALL=C JX_LOG_LEVEL=error git merge a3c324a3e59c128e393f944d868cb28075cba426
DEBUG: ran git merge a3c324a3e59c128e393f944d868cb28075cba426 in 
DEBUG: JX_LOG_LEVEL=error LC_ALL=C git log --format=%H%x1f%an%x1f%ae%x1f%cn%x1f%ce%x1f%s%n%b%x1e 48e56ac0c7b5815a36a990fd8587f681343ddaad..HEAD
Merged SHA a3c324a3e59c128e393f944d868cb28075cba426 with commit message 'chore: Promote bdd-gh-1582606596 to version 0.0.1' into base branch master

Showing logs for build [32mcb-kubecd-environment-pr-165-15-n628z-1[0m stage [32mfrom-build-pack[0m and container [32mstep-build-helm-build[0m
WARNING: No $CHART_REPOSITORY defined so using the default value of: http://jenkins-x-chartmuseum:8080
Adding missing Helm repo: storage.googleapis.com https://storage.googleapis.com/chartmuseum.jenkins-x.io
WARNING: No secrets found on "helm/repos" due: reading the secret "helm/repos" from vault: no secret "helm/repos" not found in vault
Read credentials for https://storage.googleapis.com/chartmuseum.jenkins-x.io from vault helm/repos
Successfully added Helm repository storage.googleapis.com.
Adding missing Helm repo: jenkins-x-chartmuseum http://jenkins-x-chartmuseum:8080
WARNING: No secrets found on "helm/repos" due: reading the secret "helm/repos" from vault: no secret "helm/repos" not found in vault
Read credentials for http://jenkins-x-chartmuseum:8080 from vault helm/repos
Successfully added Helm repository jenkins-x-chartmuseum.
WARNING: No $CHART_REPOSITORY defined so using the default value of: http://jenkins-x-chartmuseum:8080
Adding missing Helm repo: chartmuseum.jenkins-x.io http://chartmuseum.jenkins-x.io
WARNING: No secrets found on "helm/repos" due: reading the secret "helm/repos" from vault: no secret "helm/repos" not found in vault
Read credentials for http://chartmuseum.jenkins-x.io from vault helm/repos
Successfully added Helm repository chartmuseum.jenkins-x.io.
